# JRE version: Java(TM) SE Runtime Environment (8.0_91-b14) (build 1.8.0_91-b14)
# Java VM: Java HotSpot(TM) 64-Bit Server VM (25.91-b14 mixed mode bsd-amd64 compressed oops)
Heap:
 PSYoungGen      total 74752K, used 19937K [0x000000076ab00000, 0x0000000770780000, 0x00000007c0000000)
  eden space 64000K, 14% used [0x000000076ab00000,0x000000076b400720,0x000000076e980000)
  from space 10752K, 99% used [0x000000076eb00000,0x000000076f578080,0x000000076f580000)
  to   space 15360K, 0% used [0x000000076f880000,0x000000076f880000,0x0000000770780000)
 ParOldGen       total 73728K, used 12442K [0x00000006c0000000, 0x00000006c4800000, 0x000000076ab00000)
  object space 73728K, 16% used [0x00000006c0000000,0x00000006c0c26bc8,0x00000006c4800000)
 Metaspace       used 22197K, capacity 22548K, committed 22912K, reserved 1069056K
  class space    used 2448K, capacity 2573K, committed 2688K, reserved 1048576K
GC Heap History (10 events):
Event: 29.969 GC heap before
{Heap before GC invocations=2 (full 0):
 PSYoungGen      total 76288K, used 74304K [0x000000076ab00000, 0x0000000770000000, 0x00000007c0000000)
  eden space 65536K, 100% used [0x000000076ab00000,0x000000076eb00000,0x000000076eb00000)
  from space 10752K, 81% used [0x000000076eb00000,0x000000076f390398,0x000000076f580000)
  to   space 10752K, 0% used [0x000000076f580000,0x000000076f580000,0x0000000770000000)
 ParOldGen       total 175104K, used 88K [0x00000006c0000000, 0x00000006cab00000, 0x000000076ab00000)
  object space 175104K, 0% used [0x00000006c0000000,0x00000006c0016010,0x00000006cab00000)
 Metaspace       used 17604K, capacity 17934K, committed 18176K, reserved 1064960K
  class space    used 2102K, capacity 2186K, committed 2304K, reserved 1048576K
Event: 29.974 GC heap after
Heap after GC invocations=2 (full 0):
 PSYoungGen      total 76288K, used 6314K [0x000000076ab00000, 0x0000000770000000, 0x00000007c0000000)
  eden space 65536K, 0% used [0x000000076ab00000,0x000000076ab00000,0x000000076eb00000)
  from space 10752K, 58% used [0x000000076f580000,0x000000076fbaab90,0x0000000770000000)
  to   space 10752K, 0% used [0x000000076eb00000,0x000000076eb00000,0x000000076f580000)
 ParOldGen       total 175104K, used 104K [0x00000006c0000000, 0x00000006cab00000, 0x000000076ab00000)
  object space 175104K, 0% used [0x00000006c0000000,0x00000006c001a010,0x00000006cab00000)
 Metaspace       used 17604K, capacity 17934K, committed 18176K, reserved 1064960K
  class space    used 2102K, capacity 2186K, committed 2304K, reserved 1048576K
}
Event: 31.414 GC heap before
{Heap before GC invocations=3 (full 0):
 PSYoungGen      total 76288K, used 71850K [0x000000076ab00000, 0x0000000770000000, 0x00000007c0000000)
  eden space 65536K, 100% used [0x000000076ab00000,0x000000076eb00000,0x000000076eb00000)
  from space 10752K, 58% used [0x000000076f580000,0x000000076fbaab90,0x0000000770000000)
  to   space 10752K, 0% used [0x000000076eb00000,0x000000076eb00000,0x000000076f580000)
 ParOldGen       total 175104K, used 104K [0x00000006c0000000, 0x00000006cab00000, 0x000000076ab00000)
  object space 175104K, 0% used [0x00000006c0000000,0x00000006c001a010,0x00000006cab00000)
 Metaspace       used 17737K, capacity 18100K, committed 18432K, reserved 1064960K
  class space    used 2106K, capacity 2221K, committed 2304K, reserved 1048576K
Event: 31.418 GC heap after
Heap after GC invocations=3 (full 0):
 PSYoungGen      total 76288K, used 4880K [0x000000076ab00000, 0x0000000770000000, 0x00000007c0000000)
  eden space 65536K, 0% used [0x000000076ab00000,0x000000076ab00000,0x000000076eb00000)
  from space 10752K, 45% used [0x000000076eb00000,0x000000076efc4030,0x000000076f580000)
  to   space 10752K, 0% used [0x000000076f580000,0x000000076f580000,0x0000000770000000)
 ParOldGen       total 175104K, used 112K [0x00000006c0000000, 0x00000006cab00000, 0x000000076ab00000)
  object space 175104K, 0% used [0x00000006c0000000,0x00000006c001c010,0x00000006cab00000)
 Metaspace       used 17737K, capacity 18100K, committed 18432K, reserved 1064960K
  class space    used 2106K, capacity 2221K, committed 2304K, reserved 1048576K
}
Event: 60.191 GC heap before
{Heap before GC invocations=4 (full 0):
 PSYoungGen      total 76288K, used 29403K [0x000000076ab00000, 0x0000000770000000, 0x00000007c0000000)
  eden space 65536K, 37% used [0x000000076ab00000,0x000000076c2f2d78,0x000000076eb00000)
  from space 10752K, 45% used [0x000000076eb00000,0x000000076efc4030,0x000000076f580000)
  to   space 10752K, 0% used [0x000000076f580000,0x000000076f580000,0x0000000770000000)
 ParOldGen       total 175104K, used 112K [0x00000006c0000000, 0x00000006cab00000, 0x000000076ab00000)
  object space 175104K, 0% used [0x00000006c0000000,0x00000006c001c010,0x00000006cab00000)
 Metaspace       used 20755K, capacity 21076K, committed 21248K, reserved 1069056K
  class space    used 2346K, capacity 2445K, committed 2560K, reserved 1048576K
Event: 60.199 GC heap after
Heap after GC invocations=4 (full 0):
 PSYoungGen      total 76288K, used 8189K [0x000000076ab00000, 0x0000000770000000, 0x00000007c0000000)
  eden space 65536K, 0% used [0x000000076ab00000,0x000000076ab00000,0x000000076eb00000)
  from space 10752K, 76% used [0x000000076f580000,0x000000076fd7f7e8,0x0000000770000000)
  to   space 10752K, 0% used [0x000000076eb00000,0x000000076eb00000,0x000000076f580000)
 ParOldGen       total 175104K, used 120K [0x00000006c0000000, 0x00000006cab00000, 0x000000076ab00000)
  object space 175104K, 0% used [0x00000006c0000000,0x00000006c001e010,0x00000006cab00000)
 Metaspace       used 20755K, capacity 21076K, committed 21248K, reserved 1069056K
  class space    used 2346K, capacity 2445K, committed 2560K, reserved 1048576K
}
Event: 60.199 GC heap before
{Heap before GC invocations=5 (full 1):
 PSYoungGen      total 76288K, used 8189K [0x000000076ab00000, 0x0000000770000000, 0x00000007c0000000)
  eden space 65536K, 0% used [0x000000076ab00000,0x000000076ab00000,0x000000076eb00000)
  from space 10752K, 76% used [0x000000076f580000,0x000000076fd7f7e8,0x0000000770000000)
  to   space 10752K, 0% used [0x000000076eb00000,0x000000076eb00000,0x000000076f580000)
 ParOldGen       total 175104K, used 120K [0x00000006c0000000, 0x00000006cab00000, 0x000000076ab00000)
  object space 175104K, 0% used [0x00000006c0000000,0x00000006c001e010,0x00000006cab00000)
 Metaspace       used 20755K, capacity 21076K, committed 21248K, reserved 1069056K
  class space    used 2346K, capacity 2445K, committed 2560K, reserved 1048576K
Event: 60.226 GC heap after
Heap after GC invocations=5 (full 1):
 PSYoungGen      total 76288K, used 0K [0x000000076ab00000, 0x0000000770000000, 0x00000007c0000000)
  eden space 65536K, 0% used [0x000000076ab00000,0x000000076ab00000,0x000000076eb00000)
  from space 10752K, 0% used [0x000000076f580000,0x000000076f580000,0x0000000770000000)
  to   space 10752K, 0% used [0x000000076eb00000,0x000000076eb00000,0x000000076f580000)
 ParOldGen       total 73728K, used 8013K [0x00000006c0000000, 0x00000006c4800000, 0x000000076ab00000)
  object space 73728K, 10% used [0x00000006c0000000,0x00000006c07d3458,0x00000006c4800000)
 Metaspace       used 20755K, capacity 21076K, committed 21248K, reserved 1069056K
  class space    used 2346K, capacity 2445K, committed 2560K, reserved 1048576K
}
Event: 60.607 GC heap before
{Heap before GC invocations=6 (full 1):
 PSYoungGen      total 76288K, used 65536K [0x000000076ab00000, 0x0000000770000000, 0x00000007c0000000)
  eden space 65536K, 100% used [0x000000076ab00000,0x000000076eb00000,0x000000076eb00000)
  from space 10752K, 0% used [0x000000076f580000,0x000000076f580000,0x0000000770000000)
  to   space 10752K, 0% used [0x000000076eb00000,0x000000076eb00000,0x000000076f580000)
 ParOldGen       total 73728K, used 8013K [0x00000006c0000000, 0x00000006c4800000, 0x000000076ab00000)
  object space 73728K, 10% used [0x00000006c0000000,0x00000006c07d3458,0x00000006c4800000)
 Metaspace       used 21567K, capacity 21908K, committed 22016K, reserved 1069056K
  class space    used 2408K, capacity 2509K, committed 2560K, reserved 1048576K
Event: 60.616 GC heap after
Heap after GC invocations=6 (full 1):
 PSYoungGen      total 74752K, used 10720K [0x000000076ab00000, 0x0000000770780000, 0x00000007c0000000)
  eden space 64000K, 0% used [0x000000076ab00000,0x000000076ab00000,0x000000076e980000)
  from space 10752K, 99% used [0x000000076eb00000,0x000000076f578080,0x000000076f580000)
  to   space 15360K, 0% used [0x000000076f880000,0x000000076f880000,0x0000000770780000)
 ParOldGen       total 73728K, used 12442K [0x00000006c0000000, 0x00000006c4800000, 0x000000076ab00000)
  object space 73728K, 16% used [0x00000006c0000000,0x00000006c0c26bc8,0x00000006c4800000)
 Metaspace       used 21567K, capacity 21908K, committed 22016K, reserved 1069056K
  class space    used 2408K, capacity 2509K, committed 2560K, reserved 1048576K
}

